CRITICAL - 2022-08-21 10:06:27 --> preg_match(): Compilation failed: unmatched closing parenthesis at offset 20
in SYSTEMPATH\Router\Router.php on line 418.
 1 [internal function]: CodeIgniter\Debug\Exceptions->errorHandler(2, 'preg_match(): Compilation failed: unmatched closing parenthesis at offset 20', 'SYSTEMPATH\\Router\\Router.php', 418, [...])
 2 SYSTEMPATH\Router\Router.php(418): preg_match('#^Tools/jpgToPng/(.*))$#u', 'Tools/jpgToPng', [])
 3 SYSTEMPATH\Router\Router.php(181): CodeIgniter\Router\Router->checkRoutes('Tools/jpgToPng')
 4 SYSTEMPATH\CodeIgniter.php(779): CodeIgniter\Router\Router->handle('Tools/jpgToPng')
 5 SYSTEMPATH\CodeIgniter.php(406): CodeIgniter\CodeIgniter->tryToRouteIt(Object(CodeIgniter\Router\RouteCollection))
 6 SYSTEMPATH\CodeIgniter.php(340): CodeIgniter\CodeIgniter->handleRequest(null, Object(Config\Cache), false)
 7 FCPATH\index.php(67): CodeIgniter\CodeIgniter->run()
 8 SYSTEMPATH\Commands\Server\rewrite.php(43): require_once('FCPATH\\index.php')
CRITICAL - 2022-08-21 10:06:29 --> preg_match(): Compilation failed: unmatched closing parenthesis at offset 20
in SYSTEMPATH\Router\Router.php on line 418.
 1 [internal function]: CodeIgniter\Debug\Exceptions->errorHandler(2, 'preg_match(): Compilation failed: unmatched closing parenthesis at offset 20', 'SYSTEMPATH\\Router\\Router.php', 418, [...])
 2 SYSTEMPATH\Router\Router.php(418): preg_match('#^Tools/jpgToPng/(.*))$#u', 'Tools', [])
 3 SYSTEMPATH\Router\Router.php(181): CodeIgniter\Router\Router->checkRoutes('Tools')
 4 SYSTEMPATH\CodeIgniter.php(779): CodeIgniter\Router\Router->handle('Tools')
 5 SYSTEMPATH\CodeIgniter.php(406): CodeIgniter\CodeIgniter->tryToRouteIt(Object(CodeIgniter\Router\RouteCollection))
 6 SYSTEMPATH\CodeIgniter.php(340): CodeIgniter\CodeIgniter->handleRequest(null, Object(Config\Cache), false)
 7 FCPATH\index.php(67): CodeIgniter\CodeIgniter->run()
 8 SYSTEMPATH\Commands\Server\rewrite.php(43): require_once('FCPATH\\index.php')
CRITICAL - 2022-08-21 10:06:34 --> preg_match(): Compilation failed: unmatched closing parenthesis at offset 20
in SYSTEMPATH\Router\Router.php on line 418.
 1 [internal function]: CodeIgniter\Debug\Exceptions->errorHandler(2, 'preg_match(): Compilation failed: unmatched closing parenthesis at offset 20', 'SYSTEMPATH\\Router\\Router.php', 418, [...])
 2 SYSTEMPATH\Router\Router.php(418): preg_match('#^Tools/jpgToPng/(.*))$#u', 'public/assets/favicon.ico', [])
 3 SYSTEMPATH\Router\Router.php(181): CodeIgniter\Router\Router->checkRoutes('public/assets/favicon.ico')
 4 SYSTEMPATH\CodeIgniter.php(779): CodeIgniter\Router\Router->handle('public/assets/favicon.ico')
 5 SYSTEMPATH\CodeIgniter.php(406): CodeIgniter\CodeIgniter->tryToRouteIt(Object(CodeIgniter\Router\RouteCollection))
 6 SYSTEMPATH\CodeIgniter.php(340): CodeIgniter\CodeIgniter->handleRequest(null, Object(Config\Cache), false)
 7 FCPATH\index.php(67): CodeIgniter\CodeIgniter->run()
 8 SYSTEMPATH\Commands\Server\rewrite.php(43): require_once('FCPATH\\index.php')
CRITICAL - 2022-08-21 10:06:36 --> preg_match(): Compilation failed: unmatched closing parenthesis at offset 20
in SYSTEMPATH\Router\Router.php on line 418.
 1 [internal function]: CodeIgniter\Debug\Exceptions->errorHandler(2, 'preg_match(): Compilation failed: unmatched closing parenthesis at offset 20', 'SYSTEMPATH\\Router\\Router.php', 418, [...])
 2 SYSTEMPATH\Router\Router.php(418): preg_match('#^Tools/jpgToPng/(.*))$#u', 'Tools', [])
 3 SYSTEMPATH\Router\Router.php(181): CodeIgniter\Router\Router->checkRoutes('Tools')
 4 SYSTEMPATH\CodeIgniter.php(779): CodeIgniter\Router\Router->handle('Tools')
 5 SYSTEMPATH\CodeIgniter.php(406): CodeIgniter\CodeIgniter->tryToRouteIt(Object(CodeIgniter\Router\RouteCollection))
 6 SYSTEMPATH\CodeIgniter.php(340): CodeIgniter\CodeIgniter->handleRequest(null, Object(Config\Cache), false)
 7 FCPATH\index.php(67): CodeIgniter\CodeIgniter->run()
 8 SYSTEMPATH\Commands\Server\rewrite.php(43): require_once('FCPATH\\index.php')
CRITICAL - 2022-08-21 10:22:17 --> Too few arguments to function App\Controllers\Tools::referTo(), 0 passed in C:\xampp\htdocs\SuperWeb\system\CodeIgniter.php on line 904 and exactly 1 expected
in APPPATH\Controllers\Tools.php on line 12.
 1 SYSTEMPATH\CodeIgniter.php(904): App\Controllers\Tools->referTo()
 2 SYSTEMPATH\CodeIgniter.php(457): CodeIgniter\CodeIgniter->runController(Object(App\Controllers\Tools))
 3 SYSTEMPATH\CodeIgniter.php(340): CodeIgniter\CodeIgniter->handleRequest(null, Object(Config\Cache), false)
 4 FCPATH\index.php(67): CodeIgniter\CodeIgniter->run()
 5 SYSTEMPATH\Commands\Server\rewrite.php(43): require_once('FCPATH\\index.php')
CRITICAL - 2022-08-21 10:53:37 --> Undefined variable: image
in APPPATH\Views\tools\jpgToPng.php on line 20.
 1 APPPATH\Views\tools\jpgToPng.php(20): CodeIgniter\Debug\Exceptions->errorHandler(8, 'Undefined variable: image', 'APPPATH\\Views\\tools\\jpgToPng.php', 20, [])
 2 SYSTEMPATH\View\View.php(213): include('APPPATH\\Views\\tools\\jpgToPng.php')
 3 SYSTEMPATH\View\View.php(216): CodeIgniter\View\View->CodeIgniter\View\{closure}()
 4 SYSTEMPATH\Common.php(1137): CodeIgniter\View\View->render('Tools/jpgToPng', [], true)
 5 APPPATH\Controllers\Tools.php(14): view('Tools/jpgToPng')
 6 SYSTEMPATH\CodeIgniter.php(904): App\Controllers\Tools->jpgToPng()
 7 SYSTEMPATH\CodeIgniter.php(457): CodeIgniter\CodeIgniter->runController(Object(App\Controllers\Tools))
 8 SYSTEMPATH\CodeIgniter.php(340): CodeIgniter\CodeIgniter->handleRequest(null, Object(Config\Cache), false)
 9 FCPATH\index.php(67): CodeIgniter\CodeIgniter->run()
10 SYSTEMPATH\Commands\Server\rewrite.php(43): require_once('FCPATH\\index.php')
CRITICAL - 2022-08-21 10:55:56 --> Undefined variable: image
in APPPATH\Views\tools\jpgToPng.php on line 20.
 1 APPPATH\Views\tools\jpgToPng.php(20): CodeIgniter\Debug\Exceptions->errorHandler(8, 'Undefined variable: image', 'APPPATH\\Views\\tools\\jpgToPng.php', 20, [])
 2 SYSTEMPATH\View\View.php(213): include('APPPATH\\Views\\tools\\jpgToPng.php')
 3 SYSTEMPATH\View\View.php(216): CodeIgniter\View\View->CodeIgniter\View\{closure}()
 4 SYSTEMPATH\Common.php(1137): CodeIgniter\View\View->render('Tools/jpgToPng', [], true)
 5 APPPATH\Controllers\Tools.php(14): view('Tools/jpgToPng')
 6 SYSTEMPATH\CodeIgniter.php(904): App\Controllers\Tools->jpgToPng()
 7 SYSTEMPATH\CodeIgniter.php(457): CodeIgniter\CodeIgniter->runController(Object(App\Controllers\Tools))
 8 SYSTEMPATH\CodeIgniter.php(340): CodeIgniter\CodeIgniter->handleRequest(null, Object(Config\Cache), false)
 9 FCPATH\index.php(67): CodeIgniter\CodeIgniter->run()
10 SYSTEMPATH\Commands\Server\rewrite.php(43): require_once('FCPATH\\index.php')
CRITICAL - 2022-08-21 10:55:59 --> Undefined variable: image
in APPPATH\Views\tools\jpgToPng.php on line 20.
 1 APPPATH\Views\tools\jpgToPng.php(20): CodeIgniter\Debug\Exceptions->errorHandler(8, 'Undefined variable: image', 'APPPATH\\Views\\tools\\jpgToPng.php', 20, [])
 2 SYSTEMPATH\View\View.php(213): include('APPPATH\\Views\\tools\\jpgToPng.php')
 3 SYSTEMPATH\View\View.php(216): CodeIgniter\View\View->CodeIgniter\View\{closure}()
 4 SYSTEMPATH\Common.php(1137): CodeIgniter\View\View->render('Tools/jpgToPng', [], true)
 5 APPPATH\Controllers\Tools.php(14): view('Tools/jpgToPng')
 6 SYSTEMPATH\CodeIgniter.php(904): App\Controllers\Tools->jpgToPng()
 7 SYSTEMPATH\CodeIgniter.php(457): CodeIgniter\CodeIgniter->runController(Object(App\Controllers\Tools))
 8 SYSTEMPATH\CodeIgniter.php(340): CodeIgniter\CodeIgniter->handleRequest(null, Object(Config\Cache), false)
 9 FCPATH\index.php(67): CodeIgniter\CodeIgniter->run()
10 SYSTEMPATH\Commands\Server\rewrite.php(43): require_once('FCPATH\\index.php')
CRITICAL - 2022-08-21 10:56:05 --> Undefined variable: image
in APPPATH\Views\tools\jpgToPng.php on line 20.
 1 APPPATH\Views\tools\jpgToPng.php(20): CodeIgniter\Debug\Exceptions->errorHandler(8, 'Undefined variable: image', 'APPPATH\\Views\\tools\\jpgToPng.php', 20, [])
 2 SYSTEMPATH\View\View.php(213): include('APPPATH\\Views\\tools\\jpgToPng.php')
 3 SYSTEMPATH\View\View.php(216): CodeIgniter\View\View->CodeIgniter\View\{closure}()
 4 SYSTEMPATH\Common.php(1137): CodeIgniter\View\View->render('Tools/jpgToPng', [], true)
 5 APPPATH\Controllers\Tools.php(14): view('Tools/jpgToPng')
 6 SYSTEMPATH\CodeIgniter.php(904): App\Controllers\Tools->jpgToPng()
 7 SYSTEMPATH\CodeIgniter.php(457): CodeIgniter\CodeIgniter->runController(Object(App\Controllers\Tools))
 8 SYSTEMPATH\CodeIgniter.php(340): CodeIgniter\CodeIgniter->handleRequest(null, Object(Config\Cache), false)
 9 FCPATH\index.php(67): CodeIgniter\CodeIgniter->run()
10 SYSTEMPATH\Commands\Server\rewrite.php(43): require_once('FCPATH\\index.php')
CRITICAL - 2022-08-21 10:59:34 --> Undefined variable: image
in APPPATH\Views\tools\jpgToPng.php on line 20.
 1 APPPATH\Views\tools\jpgToPng.php(20): CodeIgniter\Debug\Exceptions->errorHandler(8, 'Undefined variable: image', 'APPPATH\\Views\\tools\\jpgToPng.php', 20, [])
 2 SYSTEMPATH\View\View.php(213): include('APPPATH\\Views\\tools\\jpgToPng.php')
 3 SYSTEMPATH\View\View.php(216): CodeIgniter\View\View->CodeIgniter\View\{closure}()
 4 SYSTEMPATH\Common.php(1137): CodeIgniter\View\View->render('Tools/jpgToPng', [], true)
 5 APPPATH\Controllers\Tools.php(14): view('Tools/jpgToPng')
 6 SYSTEMPATH\CodeIgniter.php(904): App\Controllers\Tools->jpgToPng()
 7 SYSTEMPATH\CodeIgniter.php(457): CodeIgniter\CodeIgniter->runController(Object(App\Controllers\Tools))
 8 SYSTEMPATH\CodeIgniter.php(340): CodeIgniter\CodeIgniter->handleRequest(null, Object(Config\Cache), false)
 9 FCPATH\index.php(67): CodeIgniter\CodeIgniter->run()
10 SYSTEMPATH\Commands\Server\rewrite.php(43): require_once('FCPATH\\index.php')
CRITICAL - 2022-08-21 11:01:02 --> imagecreatefromjpeg(): Filename cannot be empty
in APPPATH\Controllers\Tools.php on line 19.
 1 [internal function]: CodeIgniter\Debug\Exceptions->errorHandler(2, 'imagecreatefromjpeg(): Filename cannot be empty', 'APPPATH\\Controllers\\Tools.php', 19, [...])
 2 APPPATH\Controllers\Tools.php(19): imagecreatefromjpeg('ROOTPATH\\public')
 3 SYSTEMPATH\CodeIgniter.php(904): App\Controllers\Tools->jpgToPng_convert()
 4 SYSTEMPATH\CodeIgniter.php(457): CodeIgniter\CodeIgniter->runController(Object(App\Controllers\Tools))
 5 SYSTEMPATH\CodeIgniter.php(340): CodeIgniter\CodeIgniter->handleRequest(null, Object(Config\Cache), false)
 6 FCPATH\index.php(67): CodeIgniter\CodeIgniter->run()
 7 SYSTEMPATH\Commands\Server\rewrite.php(43): require_once('FCPATH\\index.php')
CRITICAL - 2022-08-21 11:01:16 --> imagecreatefromjpeg(): Filename cannot be empty
in APPPATH\Controllers\Tools.php on line 19.
 1 [internal function]: CodeIgniter\Debug\Exceptions->errorHandler(2, 'imagecreatefromjpeg(): Filename cannot be empty', 'APPPATH\\Controllers\\Tools.php', 19, [...])
 2 APPPATH\Controllers\Tools.php(19): imagecreatefromjpeg('ROOTPATH\\public')
 3 SYSTEMPATH\CodeIgniter.php(904): App\Controllers\Tools->jpgToPng_convert()
 4 SYSTEMPATH\CodeIgniter.php(457): CodeIgniter\CodeIgniter->runController(Object(App\Controllers\Tools))
 5 SYSTEMPATH\CodeIgniter.php(340): CodeIgniter\CodeIgniter->handleRequest(null, Object(Config\Cache), false)
 6 FCPATH\index.php(67): CodeIgniter\CodeIgniter->run()
 7 SYSTEMPATH\Commands\Server\rewrite.php(43): require_once('FCPATH\\index.php')
