CRITICAL - 2022-11-17 01:45:23 --> The framework needs the following extension(s) installed and loaded: GD.
in SYSTEMPATH\Exceptions\FrameworkException.php on line 54.
 1 SYSTEMPATH\Images\Handlers\GDHandler.php(34): CodeIgniter\Exceptions\FrameworkException::forMissingExtension('GD')
 2 SYSTEMPATH\Config\Services.php(337): CodeIgniter\Images\Handlers\GDHandler->__construct(Object(Config\Images))
 3 SYSTEMPATH\Config\BaseService.php(253): CodeIgniter\Config\Services::image('gd', Object(Config\Images), false)
 4 SYSTEMPATH\Config\BaseService.php(194): CodeIgniter\Config\BaseService::__callStatic('image', [...])
 5 SYSTEMPATH\Config\Services.php(330): CodeIgniter\Config\BaseService::getSharedInstance('image', null, null)
 6 SYSTEMPATH\Config\BaseService.php(253): CodeIgniter\Config\Services::image()
 7 APPPATH\Controllers\Tools.php(14): CodeIgniter\Config\BaseService::__callStatic('image', [])
 8 SYSTEMPATH\CodeIgniter.php(866): App\Controllers\Tools->__construct()
 9 SYSTEMPATH\CodeIgniter.php(448): CodeIgniter\CodeIgniter->createController()
10 SYSTEMPATH\CodeIgniter.php(340): CodeIgniter\CodeIgniter->handleRequest(null, Object(Config\Cache), false)
11 FCPATH\index.php(67): CodeIgniter\CodeIgniter->run()
12 SYSTEMPATH\Commands\Server\rewrite.php(43): require_once('FCPATH\\index.php')
CRITICAL - 2022-11-17 01:45:39 --> The framework needs the following extension(s) installed and loaded: GD.
in SYSTEMPATH\Exceptions\FrameworkException.php on line 54.
 1 SYSTEMPATH\Images\Handlers\GDHandler.php(34): CodeIgniter\Exceptions\FrameworkException::forMissingExtension('GD')
 2 SYSTEMPATH\Config\Services.php(337): CodeIgniter\Images\Handlers\GDHandler->__construct(Object(Config\Images))
 3 SYSTEMPATH\Config\BaseService.php(253): CodeIgniter\Config\Services::image('gd', Object(Config\Images), false)
 4 SYSTEMPATH\Config\BaseService.php(194): CodeIgniter\Config\BaseService::__callStatic('image', [...])
 5 SYSTEMPATH\Config\Services.php(330): CodeIgniter\Config\BaseService::getSharedInstance('image', null, null)
 6 SYSTEMPATH\Config\BaseService.php(253): CodeIgniter\Config\Services::image()
 7 APPPATH\Controllers\Tools.php(14): CodeIgniter\Config\BaseService::__callStatic('image', [])
 8 SYSTEMPATH\CodeIgniter.php(866): App\Controllers\Tools->__construct()
 9 SYSTEMPATH\CodeIgniter.php(448): CodeIgniter\CodeIgniter->createController()
10 SYSTEMPATH\CodeIgniter.php(340): CodeIgniter\CodeIgniter->handleRequest(null, Object(Config\Cache), false)
11 FCPATH\index.php(67): CodeIgniter\CodeIgniter->run()
12 SYSTEMPATH\Commands\Server\rewrite.php(43): require_once('FCPATH\\index.php')
CRITICAL - 2022-11-17 01:48:13 --> The framework needs the following extension(s) installed and loaded: GD.
in SYSTEMPATH\Exceptions\FrameworkException.php on line 54.
 1 SYSTEMPATH\Images\Handlers\GDHandler.php(34): CodeIgniter\Exceptions\FrameworkException::forMissingExtension('GD')
 2 SYSTEMPATH\Config\Services.php(337): CodeIgniter\Images\Handlers\GDHandler->__construct(Object(Config\Images))
 3 SYSTEMPATH\Config\BaseService.php(253): CodeIgniter\Config\Services::image('gd', Object(Config\Images), false)
 4 SYSTEMPATH\Config\BaseService.php(194): CodeIgniter\Config\BaseService::__callStatic('image', [...])
 5 SYSTEMPATH\Config\Services.php(330): CodeIgniter\Config\BaseService::getSharedInstance('image', null, null)
 6 SYSTEMPATH\Config\BaseService.php(253): CodeIgniter\Config\Services::image()
 7 APPPATH\Controllers\Tools.php(14): CodeIgniter\Config\BaseService::__callStatic('image', [])
 8 SYSTEMPATH\CodeIgniter.php(866): App\Controllers\Tools->__construct()
 9 SYSTEMPATH\CodeIgniter.php(448): CodeIgniter\CodeIgniter->createController()
10 SYSTEMPATH\CodeIgniter.php(340): CodeIgniter\CodeIgniter->handleRequest(null, Object(Config\Cache), false)
11 FCPATH\index.php(67): CodeIgniter\CodeIgniter->run()
12 SYSTEMPATH\Commands\Server\rewrite.php(43): require_once('FCPATH\\index.php')
CRITICAL - 2022-11-17 01:48:17 --> The framework needs the following extension(s) installed and loaded: GD.
in SYSTEMPATH\Exceptions\FrameworkException.php on line 54.
 1 SYSTEMPATH\Images\Handlers\GDHandler.php(34): CodeIgniter\Exceptions\FrameworkException::forMissingExtension('GD')
 2 SYSTEMPATH\Config\Services.php(337): CodeIgniter\Images\Handlers\GDHandler->__construct(Object(Config\Images))
 3 SYSTEMPATH\Config\BaseService.php(253): CodeIgniter\Config\Services::image('gd', Object(Config\Images), false)
 4 SYSTEMPATH\Config\BaseService.php(194): CodeIgniter\Config\BaseService::__callStatic('image', [...])
 5 SYSTEMPATH\Config\Services.php(330): CodeIgniter\Config\BaseService::getSharedInstance('image', null, null)
 6 SYSTEMPATH\Config\BaseService.php(253): CodeIgniter\Config\Services::image()
 7 APPPATH\Controllers\Tools.php(14): CodeIgniter\Config\BaseService::__callStatic('image', [])
 8 SYSTEMPATH\CodeIgniter.php(866): App\Controllers\Tools->__construct()
 9 SYSTEMPATH\CodeIgniter.php(448): CodeIgniter\CodeIgniter->createController()
10 SYSTEMPATH\CodeIgniter.php(340): CodeIgniter\CodeIgniter->handleRequest(null, Object(Config\Cache), false)
11 FCPATH\index.php(67): CodeIgniter\CodeIgniter->run()
12 SYSTEMPATH\Commands\Server\rewrite.php(43): require_once('FCPATH\\index.php')
CRITICAL - 2022-11-17 01:48:30 --> The framework needs the following extension(s) installed and loaded: GD.
in SYSTEMPATH\Exceptions\FrameworkException.php on line 54.
 1 SYSTEMPATH\Images\Handlers\GDHandler.php(34): CodeIgniter\Exceptions\FrameworkException::forMissingExtension('GD')
 2 SYSTEMPATH\Config\Services.php(337): CodeIgniter\Images\Handlers\GDHandler->__construct(Object(Config\Images))
 3 SYSTEMPATH\Config\BaseService.php(253): CodeIgniter\Config\Services::image('gd', Object(Config\Images), false)
 4 SYSTEMPATH\Config\BaseService.php(194): CodeIgniter\Config\BaseService::__callStatic('image', [...])
 5 SYSTEMPATH\Config\Services.php(330): CodeIgniter\Config\BaseService::getSharedInstance('image', null, null)
 6 SYSTEMPATH\Config\BaseService.php(253): CodeIgniter\Config\Services::image()
 7 APPPATH\Controllers\Tools.php(14): CodeIgniter\Config\BaseService::__callStatic('image', [])
 8 SYSTEMPATH\CodeIgniter.php(866): App\Controllers\Tools->__construct()
 9 SYSTEMPATH\CodeIgniter.php(448): CodeIgniter\CodeIgniter->createController()
10 SYSTEMPATH\CodeIgniter.php(340): CodeIgniter\CodeIgniter->handleRequest(null, Object(Config\Cache), false)
11 FCPATH\index.php(67): CodeIgniter\CodeIgniter->run()
12 SYSTEMPATH\Commands\Server\rewrite.php(43): require_once('FCPATH\\index.php')
CRITICAL - 2022-11-17 01:50:29 --> The framework needs the following extension(s) installed and loaded: GD.
in SYSTEMPATH\Exceptions\FrameworkException.php on line 54.
 1 SYSTEMPATH\Images\Handlers\GDHandler.php(34): CodeIgniter\Exceptions\FrameworkException::forMissingExtension('GD')
 2 SYSTEMPATH\Config\Services.php(337): CodeIgniter\Images\Handlers\GDHandler->__construct(Object(Config\Images))
 3 SYSTEMPATH\Config\BaseService.php(253): CodeIgniter\Config\Services::image('gd', Object(Config\Images), false)
 4 SYSTEMPATH\Config\BaseService.php(194): CodeIgniter\Config\BaseService::__callStatic('image', [...])
 5 SYSTEMPATH\Config\Services.php(330): CodeIgniter\Config\BaseService::getSharedInstance('image', null, null)
 6 SYSTEMPATH\Config\BaseService.php(253): CodeIgniter\Config\Services::image()
 7 APPPATH\Controllers\Tools.php(14): CodeIgniter\Config\BaseService::__callStatic('image', [])
 8 SYSTEMPATH\CodeIgniter.php(866): App\Controllers\Tools->__construct()
 9 SYSTEMPATH\CodeIgniter.php(448): CodeIgniter\CodeIgniter->createController()
10 SYSTEMPATH\CodeIgniter.php(340): CodeIgniter\CodeIgniter->handleRequest(null, Object(Config\Cache), false)
11 FCPATH\index.php(67): CodeIgniter\CodeIgniter->run()
12 SYSTEMPATH\Commands\Server\rewrite.php(43): require_once('FCPATH\\index.php')
CRITICAL - 2022-11-17 01:50:29 --> The framework needs the following extension(s) installed and loaded: GD.
in SYSTEMPATH\Exceptions\FrameworkException.php on line 54.
 1 SYSTEMPATH\Images\Handlers\GDHandler.php(34): CodeIgniter\Exceptions\FrameworkException::forMissingExtension('GD')
 2 SYSTEMPATH\Config\Services.php(337): CodeIgniter\Images\Handlers\GDHandler->__construct(Object(Config\Images))
 3 SYSTEMPATH\Config\BaseService.php(253): CodeIgniter\Config\Services::image('gd', Object(Config\Images), false)
 4 SYSTEMPATH\Config\BaseService.php(194): CodeIgniter\Config\BaseService::__callStatic('image', [...])
 5 SYSTEMPATH\Config\Services.php(330): CodeIgniter\Config\BaseService::getSharedInstance('image', null, null)
 6 SYSTEMPATH\Config\BaseService.php(253): CodeIgniter\Config\Services::image()
 7 APPPATH\Controllers\Tools.php(14): CodeIgniter\Config\BaseService::__callStatic('image', [])
 8 SYSTEMPATH\CodeIgniter.php(866): App\Controllers\Tools->__construct()
 9 SYSTEMPATH\CodeIgniter.php(448): CodeIgniter\CodeIgniter->createController()
10 SYSTEMPATH\CodeIgniter.php(340): CodeIgniter\CodeIgniter->handleRequest(null, Object(Config\Cache), false)
11 FCPATH\index.php(67): CodeIgniter\CodeIgniter->run()
12 SYSTEMPATH\Commands\Server\rewrite.php(43): require_once('FCPATH\\index.php')
CRITICAL - 2022-11-17 01:50:31 --> The framework needs the following extension(s) installed and loaded: GD.
in SYSTEMPATH\Exceptions\FrameworkException.php on line 54.
 1 SYSTEMPATH\Images\Handlers\GDHandler.php(34): CodeIgniter\Exceptions\FrameworkException::forMissingExtension('GD')
 2 SYSTEMPATH\Config\Services.php(337): CodeIgniter\Images\Handlers\GDHandler->__construct(Object(Config\Images))
 3 SYSTEMPATH\Config\BaseService.php(253): CodeIgniter\Config\Services::image('gd', Object(Config\Images), false)
 4 SYSTEMPATH\Config\BaseService.php(194): CodeIgniter\Config\BaseService::__callStatic('image', [...])
 5 SYSTEMPATH\Config\Services.php(330): CodeIgniter\Config\BaseService::getSharedInstance('image', null, null)
 6 SYSTEMPATH\Config\BaseService.php(253): CodeIgniter\Config\Services::image()
 7 APPPATH\Controllers\Tools.php(14): CodeIgniter\Config\BaseService::__callStatic('image', [])
 8 SYSTEMPATH\CodeIgniter.php(866): App\Controllers\Tools->__construct()
 9 SYSTEMPATH\CodeIgniter.php(448): CodeIgniter\CodeIgniter->createController()
10 SYSTEMPATH\CodeIgniter.php(340): CodeIgniter\CodeIgniter->handleRequest(null, Object(Config\Cache), false)
11 FCPATH\index.php(67): CodeIgniter\CodeIgniter->run()
12 SYSTEMPATH\Commands\Server\rewrite.php(43): require_once('FCPATH\\index.php')
CRITICAL - 2022-11-17 01:50:33 --> The framework needs the following extension(s) installed and loaded: GD.
in SYSTEMPATH\Exceptions\FrameworkException.php on line 54.
 1 SYSTEMPATH\Images\Handlers\GDHandler.php(34): CodeIgniter\Exceptions\FrameworkException::forMissingExtension('GD')
 2 SYSTEMPATH\Config\Services.php(337): CodeIgniter\Images\Handlers\GDHandler->__construct(Object(Config\Images))
 3 SYSTEMPATH\Config\BaseService.php(253): CodeIgniter\Config\Services::image('gd', Object(Config\Images), false)
 4 SYSTEMPATH\Config\BaseService.php(194): CodeIgniter\Config\BaseService::__callStatic('image', [...])
 5 SYSTEMPATH\Config\Services.php(330): CodeIgniter\Config\BaseService::getSharedInstance('image', null, null)
 6 SYSTEMPATH\Config\BaseService.php(253): CodeIgniter\Config\Services::image()
 7 APPPATH\Controllers\Tools.php(14): CodeIgniter\Config\BaseService::__callStatic('image', [])
 8 SYSTEMPATH\CodeIgniter.php(866): App\Controllers\Tools->__construct()
 9 SYSTEMPATH\CodeIgniter.php(448): CodeIgniter\CodeIgniter->createController()
10 SYSTEMPATH\CodeIgniter.php(340): CodeIgniter\CodeIgniter->handleRequest(null, Object(Config\Cache), false)
11 FCPATH\index.php(67): CodeIgniter\CodeIgniter->run()
12 SYSTEMPATH\Commands\Server\rewrite.php(43): require_once('FCPATH\\index.php')
CRITICAL - 2022-11-17 01:50:34 --> The framework needs the following extension(s) installed and loaded: GD.
in SYSTEMPATH\Exceptions\FrameworkException.php on line 54.
 1 SYSTEMPATH\Images\Handlers\GDHandler.php(34): CodeIgniter\Exceptions\FrameworkException::forMissingExtension('GD')
 2 SYSTEMPATH\Config\Services.php(337): CodeIgniter\Images\Handlers\GDHandler->__construct(Object(Config\Images))
 3 SYSTEMPATH\Config\BaseService.php(253): CodeIgniter\Config\Services::image('gd', Object(Config\Images), false)
 4 SYSTEMPATH\Config\BaseService.php(194): CodeIgniter\Config\BaseService::__callStatic('image', [...])
 5 SYSTEMPATH\Config\Services.php(330): CodeIgniter\Config\BaseService::getSharedInstance('image', null, null)
 6 SYSTEMPATH\Config\BaseService.php(253): CodeIgniter\Config\Services::image()
 7 APPPATH\Controllers\Tools.php(14): CodeIgniter\Config\BaseService::__callStatic('image', [])
 8 SYSTEMPATH\CodeIgniter.php(866): App\Controllers\Tools->__construct()
 9 SYSTEMPATH\CodeIgniter.php(448): CodeIgniter\CodeIgniter->createController()
10 SYSTEMPATH\CodeIgniter.php(340): CodeIgniter\CodeIgniter->handleRequest(null, Object(Config\Cache), false)
11 FCPATH\index.php(67): CodeIgniter\CodeIgniter->run()
12 SYSTEMPATH\Commands\Server\rewrite.php(43): require_once('FCPATH\\index.php')
CRITICAL - 2022-11-17 01:52:26 --> Trying to access array offset on value of type null
in SYSTEMPATH\Files\File.php on line 148.
 1 SYSTEMPATH\Files\File.php(148): CodeIgniter\Debug\Exceptions->errorHandler(2, 'Trying to access array offset on value of type null', 'SYSTEMPATH\\Files\\File.php', 148)
 2 SYSTEMPATH\Images\Handlers\BaseHandler.php(712): CodeIgniter\Files\File->move('img/filettjpgtopng/a.png/')
 3 APPPATH\Controllers\Tools.php(31): CodeIgniter\Images\Handlers\BaseHandler->__call('move', [...])
 4 SYSTEMPATH\CodeIgniter.php(904): App\Controllers\Tools->jpgToPng_convert()
 5 SYSTEMPATH\CodeIgniter.php(457): CodeIgniter\CodeIgniter->runController(Object(App\Controllers\Tools))
 6 SYSTEMPATH\CodeIgniter.php(340): CodeIgniter\CodeIgniter->handleRequest(null, Object(Config\Cache), false)
 7 FCPATH\index.php(67): CodeIgniter\CodeIgniter->run()
 8 SYSTEMPATH\Commands\Server\rewrite.php(43): require_once('FCPATH\\index.php')
CRITICAL - 2022-11-17 01:54:39 --> Undefined variable $namaImg
in APPPATH\Controllers\Tools.php on line 38.
 1 APPPATH\Controllers\Tools.php(38): CodeIgniter\Debug\Exceptions->errorHandler(2, 'Undefined variable $namaImg', 'APPPATH\\Controllers\\Tools.php', 38)
 2 SYSTEMPATH\CodeIgniter.php(904): App\Controllers\Tools->jpgToPng_convert()
 3 SYSTEMPATH\CodeIgniter.php(457): CodeIgniter\CodeIgniter->runController(Object(App\Controllers\Tools))
 4 SYSTEMPATH\CodeIgniter.php(340): CodeIgniter\CodeIgniter->handleRequest(null, Object(Config\Cache), false)
 5 FCPATH\index.php(67): CodeIgniter\CodeIgniter->run()
 6 SYSTEMPATH\Commands\Server\rewrite.php(43): require_once('FCPATH\\index.php')
CRITICAL - 2022-11-17 01:55:19 --> imagepng(): Argument #1 ($image) must be of type GdImage, CodeIgniter\Images\Handlers\GDHandler given
in APPPATH\Controllers\Tools.php on line 38.
 1 APPPATH\Controllers\Tools.php(38): imagepng(Object(CodeIgniter\Images\Handlers\GDHandler), 'img/filettjpgtopng/1668671719_98f142515f44e144f329.tmp. png')
 2 SYSTEMPATH\CodeIgniter.php(904): App\Controllers\Tools->jpgToPng_convert()
 3 SYSTEMPATH\CodeIgniter.php(457): CodeIgniter\CodeIgniter->runController(Object(App\Controllers\Tools))
 4 SYSTEMPATH\CodeIgniter.php(340): CodeIgniter\CodeIgniter->handleRequest(null, Object(Config\Cache), false)
 5 FCPATH\index.php(67): CodeIgniter\CodeIgniter->run()
 6 SYSTEMPATH\Commands\Server\rewrite.php(43): require_once('FCPATH\\index.php')
CRITICAL - 2022-11-17 01:55:38 --> imagepng(): Argument #1 ($image) must be of type GdImage, CodeIgniter\Images\Handlers\GDHandler given
in APPPATH\Controllers\Tools.php on line 38.
 1 APPPATH\Controllers\Tools.php(38): imagepng(Object(CodeIgniter\Images\Handlers\GDHandler), 'img/filettjpgtopng/1668671738_70cd2e7f8c52ab97294a.jpeg. png')
 2 SYSTEMPATH\CodeIgniter.php(904): App\Controllers\Tools->jpgToPng_convert()
 3 SYSTEMPATH\CodeIgniter.php(457): CodeIgniter\CodeIgniter->runController(Object(App\Controllers\Tools))
 4 SYSTEMPATH\CodeIgniter.php(340): CodeIgniter\CodeIgniter->handleRequest(null, Object(Config\Cache), false)
 5 FCPATH\index.php(67): CodeIgniter\CodeIgniter->run()
 6 SYSTEMPATH\Commands\Server\rewrite.php(43): require_once('FCPATH\\index.php')
CRITICAL - 2022-11-17 01:55:56 --> imagepng(): Argument #1 ($image) must be of type GdImage, CodeIgniter\HTTP\Files\UploadedFile given
in APPPATH\Controllers\Tools.php on line 38.
 1 APPPATH\Controllers\Tools.php(38): imagepng(Object(CodeIgniter\HTTP\Files\UploadedFile), 'img/filettjpgtopng/1668671756_7f7c9614769148764b2f.jpeg. png')
 2 SYSTEMPATH\CodeIgniter.php(904): App\Controllers\Tools->jpgToPng_convert()
 3 SYSTEMPATH\CodeIgniter.php(457): CodeIgniter\CodeIgniter->runController(Object(App\Controllers\Tools))
 4 SYSTEMPATH\CodeIgniter.php(340): CodeIgniter\CodeIgniter->handleRequest(null, Object(Config\Cache), false)
 5 FCPATH\index.php(67): CodeIgniter\CodeIgniter->run()
 6 SYSTEMPATH\Commands\Server\rewrite.php(43): require_once('FCPATH\\index.php')
ERROR - 2022-11-17 01:56:25 --> Error connecting to the database: mysqli_sql_exception: No connection could be made because the target machine actively refused it in D:\Xampp\htdocs\SuperWeb\system\Database\MySQLi\Connection.php:171
Stack trace:
#0 D:\Xampp\htdocs\SuperWeb\system\Database\MySQLi\Connection.php(171): mysqli->real_connect('localhost', 'root', '', 'superweb', 3306, '', 0)
#1 D:\Xampp\htdocs\SuperWeb\system\Database\BaseConnection.php(382): CodeIgniter\Database\MySQLi\Connection->connect(false)
#2 D:\Xampp\htdocs\SuperWeb\system\Database\BaseConnection.php(588): CodeIgniter\Database\BaseConnection->initialize()
#3 D:\Xampp\htdocs\SuperWeb\system\Database\BaseBuilder.php(1916): CodeIgniter\Database\BaseConnection->query('INSERT INTO `TT...', Array, false)
#4 D:\Xampp\htdocs\SuperWeb\system\Model.php(278): CodeIgniter\Database\BaseBuilder->insert()
#5 D:\Xampp\htdocs\SuperWeb\system\BaseModel.php(738): CodeIgniter\Model->doInsert(Array)
#6 D:\Xampp\htdocs\SuperWeb\system\Model.php(666): CodeIgniter\BaseModel->insert(Array, false)
#7 D:\Xampp\htdocs\SuperWeb\system\BaseModel.php(658): CodeIgniter\Model->insert(Array, false)
#8 D:\Xampp\htdocs\SuperWeb\app\Controllers\Tools.php(41): CodeIgniter\BaseModel->save(Array)
#9 D:\Xampp\htdocs\SuperWeb\system\CodeIgniter.php(904): App\Controllers\Tools->jpgToPng_convert()
#10 D:\Xampp\htdocs\SuperWeb\system\CodeIgniter.php(457): CodeIgniter\CodeIgniter->runController(Object(App\Controllers\Tools))
#11 D:\Xampp\htdocs\SuperWeb\system\CodeIgniter.php(340): CodeIgniter\CodeIgniter->handleRequest(NULL, Object(Config\Cache), false)
#12 D:\Xampp\htdocs\SuperWeb\public\index.php(67): CodeIgniter\CodeIgniter->run()
#13 D:\Xampp\htdocs\SuperWeb\system\Commands\Server\rewrite.php(43): require_once('D:\\Xampp\\htdocs...')
#14 {main}

Next CodeIgniter\Database\Exceptions\DatabaseException: No connection could be made because the target machine actively refused it in D:\Xampp\htdocs\SuperWeb\system\Database\MySQLi\Connection.php:215
Stack trace:
#0 D:\Xampp\htdocs\SuperWeb\system\Database\BaseConnection.php(382): CodeIgniter\Database\MySQLi\Connection->connect(false)
#1 D:\Xampp\htdocs\SuperWeb\system\Database\BaseConnection.php(588): CodeIgniter\Database\BaseConnection->initialize()
#2 D:\Xampp\htdocs\SuperWeb\system\Database\BaseBuilder.php(1916): CodeIgniter\Database\BaseConnection->query('INSERT INTO `TT...', Array, false)
#3 D:\Xampp\htdocs\SuperWeb\system\Model.php(278): CodeIgniter\Database\BaseBuilder->insert()
#4 D:\Xampp\htdocs\SuperWeb\system\BaseModel.php(738): CodeIgniter\Model->doInsert(Array)
#5 D:\Xampp\htdocs\SuperWeb\system\Model.php(666): CodeIgniter\BaseModel->insert(Array, false)
#6 D:\Xampp\htdocs\SuperWeb\system\BaseModel.php(658): CodeIgniter\Model->insert(Array, false)
#7 D:\Xampp\htdocs\SuperWeb\app\Controllers\Tools.php(41): CodeIgniter\BaseModel->save(Array)
#8 D:\Xampp\htdocs\SuperWeb\system\CodeIgniter.php(904): App\Controllers\Tools->jpgToPng_convert()
#9 D:\Xampp\htdocs\SuperWeb\system\CodeIgniter.php(457): CodeIgniter\CodeIgniter->runController(Object(App\Controllers\Tools))
#10 D:\Xampp\htdocs\SuperWeb\system\CodeIgniter.php(340): CodeIgniter\CodeIgniter->handleRequest(NULL, Object(Config\Cache), false)
#11 D:\Xampp\htdocs\SuperWeb\public\index.php(67): CodeIgniter\CodeIgniter->run()
#12 D:\Xampp\htdocs\SuperWeb\system\Commands\Server\rewrite.php(43): require_once('D:\\Xampp\\htdocs...')
#13 {main}
CRITICAL - 2022-11-17 01:56:25 --> Unable to connect to the database.
Main connection [MySQLi]: No connection could be made because the target machine actively refused it
in SYSTEMPATH\Database\BaseConnection.php on line 418.
 1 SYSTEMPATH\Database\BaseConnection.php(588): CodeIgniter\Database\BaseConnection->initialize()
 2 SYSTEMPATH\Database\BaseBuilder.php(1916): CodeIgniter\Database\BaseConnection->query('INSERT INTO `TTJpgToPng` (`img_file`) VALUES (:img_file:)', [...], false)
 3 SYSTEMPATH\Model.php(278): CodeIgniter\Database\BaseBuilder->insert()
 4 SYSTEMPATH\BaseModel.php(738): CodeIgniter\Model->doInsert([...])
 5 SYSTEMPATH\Model.php(666): CodeIgniter\BaseModel->insert([...], false)
 6 SYSTEMPATH\BaseModel.php(658): CodeIgniter\Model->insert([...], false)
 7 APPPATH\Controllers\Tools.php(41): CodeIgniter\BaseModel->save([...])
 8 SYSTEMPATH\CodeIgniter.php(904): App\Controllers\Tools->jpgToPng_convert()
 9 SYSTEMPATH\CodeIgniter.php(457): CodeIgniter\CodeIgniter->runController(Object(App\Controllers\Tools))
10 SYSTEMPATH\CodeIgniter.php(340): CodeIgniter\CodeIgniter->handleRequest(null, Object(Config\Cache), false)
11 FCPATH\index.php(67): CodeIgniter\CodeIgniter->run()
12 SYSTEMPATH\Commands\Server\rewrite.php(43): require_once('FCPATH\\index.php')
ERROR - 2022-11-17 01:56:38 --> mysqli_sql_exception: Unknown column 'img_file' in 'field list' in D:\Xampp\htdocs\SuperWeb\system\Database\MySQLi\Connection.php:292
Stack trace:
#0 D:\Xampp\htdocs\SuperWeb\system\Database\MySQLi\Connection.php(292): mysqli->query('INSERT INTO `TT...', 0)
#1 D:\Xampp\htdocs\SuperWeb\system\Database\BaseConnection.php(693): CodeIgniter\Database\MySQLi\Connection->execute('INSERT INTO `TT...')
#2 D:\Xampp\htdocs\SuperWeb\system\Database\BaseConnection.php(620): CodeIgniter\Database\BaseConnection->simpleQuery('INSERT INTO `TT...')
#3 D:\Xampp\htdocs\SuperWeb\system\Database\BaseBuilder.php(1916): CodeIgniter\Database\BaseConnection->query('INSERT INTO `TT...', Array, false)
#4 D:\Xampp\htdocs\SuperWeb\system\Model.php(278): CodeIgniter\Database\BaseBuilder->insert()
#5 D:\Xampp\htdocs\SuperWeb\system\BaseModel.php(738): CodeIgniter\Model->doInsert(Array)
#6 D:\Xampp\htdocs\SuperWeb\system\Model.php(666): CodeIgniter\BaseModel->insert(Array, false)
#7 D:\Xampp\htdocs\SuperWeb\system\BaseModel.php(658): CodeIgniter\Model->insert(Array, false)
#8 D:\Xampp\htdocs\SuperWeb\app\Controllers\Tools.php(41): CodeIgniter\BaseModel->save(Array)
#9 D:\Xampp\htdocs\SuperWeb\system\CodeIgniter.php(904): App\Controllers\Tools->jpgToPng_convert()
#10 D:\Xampp\htdocs\SuperWeb\system\CodeIgniter.php(457): CodeIgniter\CodeIgniter->runController(Object(App\Controllers\Tools))
#11 D:\Xampp\htdocs\SuperWeb\system\CodeIgniter.php(340): CodeIgniter\CodeIgniter->handleRequest(NULL, Object(Config\Cache), false)
#12 D:\Xampp\htdocs\SuperWeb\public\index.php(67): CodeIgniter\CodeIgniter->run()
#13 D:\Xampp\htdocs\SuperWeb\system\Commands\Server\rewrite.php(43): require_once('D:\\Xampp\\htdocs...')
#14 {main}
CRITICAL - 2022-11-17 01:56:38 --> Unknown column 'img_file' in 'field list'
in SYSTEMPATH\Database\MySQLi\Connection.php on line 292.
 1 SYSTEMPATH\Database\MySQLi\Connection.php(292): mysqli->query('INSERT INTO `TTJpgToPng` (`img_file`) VALUES (\'writable/img/filettjpgtopng/D:\\\\Xampp\\\\tmp\\\\phpADCB.tmp.png\')', 0)
 2 SYSTEMPATH\Database\BaseConnection.php(693): CodeIgniter\Database\MySQLi\Connection->execute('INSERT INTO `TTJpgToPng` (`img_file`) VALUES (\'writable/img/filettjpgtopng/D:\\\\Xampp\\\\tmp\\\\phpADCB.tmp.png\')')
 3 SYSTEMPATH\Database\BaseConnection.php(620): CodeIgniter\Database\BaseConnection->simpleQuery('INSERT INTO `TTJpgToPng` (`img_file`) VALUES (\'writable/img/filettjpgtopng/D:\\\\Xampp\\\\tmp\\\\phpADCB.tmp.png\')')
 4 SYSTEMPATH\Database\BaseBuilder.php(1916): CodeIgniter\Database\BaseConnection->query('INSERT INTO `TTJpgToPng` (`img_file`) VALUES (:img_file:)', [...], false)
 5 SYSTEMPATH\Model.php(278): CodeIgniter\Database\BaseBuilder->insert()
 6 SYSTEMPATH\BaseModel.php(738): CodeIgniter\Model->doInsert([...])
 7 SYSTEMPATH\Model.php(666): CodeIgniter\BaseModel->insert([...], false)
 8 SYSTEMPATH\BaseModel.php(658): CodeIgniter\Model->insert([...], false)
 9 APPPATH\Controllers\Tools.php(41): CodeIgniter\BaseModel->save([...])
10 SYSTEMPATH\CodeIgniter.php(904): App\Controllers\Tools->jpgToPng_convert()
11 SYSTEMPATH\CodeIgniter.php(457): CodeIgniter\CodeIgniter->runController(Object(App\Controllers\Tools))
12 SYSTEMPATH\CodeIgniter.php(340): CodeIgniter\CodeIgniter->handleRequest(null, Object(Config\Cache), false)
13 FCPATH\index.php(67): CodeIgniter\CodeIgniter->run()
14 SYSTEMPATH\Commands\Server\rewrite.php(43): require_once('FCPATH\\index.php')
CRITICAL - 2022-11-17 01:57:33 --> There is no data to insert.
in SYSTEMPATH\BaseModel.php on line 718.
 1 SYSTEMPATH\BaseModel.php(718): CodeIgniter\Database\Exceptions\DataException::forEmptyDataset('insert')
 2 SYSTEMPATH\Model.php(666): CodeIgniter\BaseModel->insert([], false)
 3 SYSTEMPATH\BaseModel.php(658): CodeIgniter\Model->insert([...], false)
 4 APPPATH\Controllers\Tools.php(41): CodeIgniter\BaseModel->save([...])
 5 SYSTEMPATH\CodeIgniter.php(904): App\Controllers\Tools->jpgToPng_convert()
 6 SYSTEMPATH\CodeIgniter.php(457): CodeIgniter\CodeIgniter->runController(Object(App\Controllers\Tools))
 7 SYSTEMPATH\CodeIgniter.php(340): CodeIgniter\CodeIgniter->handleRequest(null, Object(Config\Cache), false)
 8 FCPATH\index.php(67): CodeIgniter\CodeIgniter->run()
 9 SYSTEMPATH\Commands\Server\rewrite.php(43): require_once('FCPATH\\index.php')
CRITICAL - 2022-11-17 02:02:02 --> There is no data to insert.
in SYSTEMPATH\BaseModel.php on line 718.
 1 SYSTEMPATH\BaseModel.php(718): CodeIgniter\Database\Exceptions\DataException::forEmptyDataset('insert')
 2 SYSTEMPATH\Model.php(666): CodeIgniter\BaseModel->insert([], false)
 3 SYSTEMPATH\BaseModel.php(658): CodeIgniter\Model->insert([...], false)
 4 APPPATH\Controllers\Tools.php(41): CodeIgniter\BaseModel->save([...])
 5 SYSTEMPATH\CodeIgniter.php(904): App\Controllers\Tools->jpgToPng_convert()
 6 SYSTEMPATH\CodeIgniter.php(457): CodeIgniter\CodeIgniter->runController(Object(App\Controllers\Tools))
 7 SYSTEMPATH\CodeIgniter.php(340): CodeIgniter\CodeIgniter->handleRequest(null, Object(Config\Cache), false)
 8 FCPATH\index.php(67): CodeIgniter\CodeIgniter->run()
 9 SYSTEMPATH\Commands\Server\rewrite.php(43): require_once('FCPATH\\index.php')
CRITICAL - 2022-11-17 02:02:40 --> There is no data to insert.
in SYSTEMPATH\BaseModel.php on line 718.
 1 SYSTEMPATH\BaseModel.php(718): CodeIgniter\Database\Exceptions\DataException::forEmptyDataset('insert')
 2 SYSTEMPATH\Model.php(666): CodeIgniter\BaseModel->insert([], false)
 3 SYSTEMPATH\BaseModel.php(658): CodeIgniter\Model->insert([...], false)
 4 APPPATH\Controllers\Tools.php(41): CodeIgniter\BaseModel->save([...])
 5 SYSTEMPATH\CodeIgniter.php(904): App\Controllers\Tools->jpgToPng_convert()
 6 SYSTEMPATH\CodeIgniter.php(457): CodeIgniter\CodeIgniter->runController(Object(App\Controllers\Tools))
 7 SYSTEMPATH\CodeIgniter.php(340): CodeIgniter\CodeIgniter->handleRequest(null, Object(Config\Cache), false)
 8 FCPATH\index.php(67): CodeIgniter\CodeIgniter->run()
 9 SYSTEMPATH\Commands\Server\rewrite.php(43): require_once('FCPATH\\index.php')
CRITICAL - 2022-11-17 02:09:18 --> There is no data to insert.
in SYSTEMPATH\BaseModel.php on line 718.
 1 SYSTEMPATH\BaseModel.php(718): CodeIgniter\Database\Exceptions\DataException::forEmptyDataset('insert')
 2 SYSTEMPATH\Model.php(666): CodeIgniter\BaseModel->insert([], false)
 3 SYSTEMPATH\BaseModel.php(658): CodeIgniter\Model->insert([...], false)
 4 APPPATH\Controllers\Tools.php(41): CodeIgniter\BaseModel->save([...])
 5 SYSTEMPATH\CodeIgniter.php(904): App\Controllers\Tools->jpgToPng_convert()
 6 SYSTEMPATH\CodeIgniter.php(457): CodeIgniter\CodeIgniter->runController(Object(App\Controllers\Tools))
 7 SYSTEMPATH\CodeIgniter.php(340): CodeIgniter\CodeIgniter->handleRequest(null, Object(Config\Cache), false)
 8 FCPATH\index.php(67): CodeIgniter\CodeIgniter->run()
 9 SYSTEMPATH\Commands\Server\rewrite.php(43): require_once('FCPATH\\index.php')
CRITICAL - 2022-11-17 02:09:43 --> There is no data to insert.
in SYSTEMPATH\BaseModel.php on line 718.
 1 SYSTEMPATH\BaseModel.php(718): CodeIgniter\Database\Exceptions\DataException::forEmptyDataset('insert')
 2 SYSTEMPATH\Model.php(666): CodeIgniter\BaseModel->insert([], false)
 3 SYSTEMPATH\BaseModel.php(658): CodeIgniter\Model->insert([...], false)
 4 APPPATH\Controllers\Tools.php(41): CodeIgniter\BaseModel->save([...])
 5 SYSTEMPATH\CodeIgniter.php(904): App\Controllers\Tools->jpgToPng_convert()
 6 SYSTEMPATH\CodeIgniter.php(457): CodeIgniter\CodeIgniter->runController(Object(App\Controllers\Tools))
 7 SYSTEMPATH\CodeIgniter.php(340): CodeIgniter\CodeIgniter->handleRequest(null, Object(Config\Cache), false)
 8 FCPATH\index.php(67): CodeIgniter\CodeIgniter->run()
 9 SYSTEMPATH\Commands\Server\rewrite.php(43): require_once('FCPATH\\index.php')
CRITICAL - 2022-11-17 02:12:47 --> Call to a member function getRandomName() on string
in APPPATH\Controllers\Tools.php on line 37.
 1 SYSTEMPATH\CodeIgniter.php(904): App\Controllers\Tools->jpgToPng_convert()
 2 SYSTEMPATH\CodeIgniter.php(457): CodeIgniter\CodeIgniter->runController(Object(App\Controllers\Tools))
 3 SYSTEMPATH\CodeIgniter.php(340): CodeIgniter\CodeIgniter->handleRequest(null, Object(Config\Cache), false)
 4 FCPATH\index.php(67): CodeIgniter\CodeIgniter->run()
 5 SYSTEMPATH\Commands\Server\rewrite.php(43): require_once('FCPATH\\index.php')
CRITICAL - 2022-11-17 02:15:28 --> Trying to access array offset on value of type null
in SYSTEMPATH\Files\File.php on line 148.
 1 SYSTEMPATH\Files\File.php(148): CodeIgniter\Debug\Exceptions->errorHandler(2, 'Trying to access array offset on value of type null', 'SYSTEMPATH\\Files\\File.php', 148)
 2 SYSTEMPATH\Images\Handlers\BaseHandler.php(712): CodeIgniter\Files\File->move('img/filettjpgtopng/D:\\Xampp\\tmp\\phpECAF.tmp.png/')
 3 APPPATH\Controllers\Tools.php(30): CodeIgniter\Images\Handlers\BaseHandler->__call('move', [...])
 4 SYSTEMPATH\CodeIgniter.php(904): App\Controllers\Tools->jpgToPng_convert()
 5 SYSTEMPATH\CodeIgniter.php(457): CodeIgniter\CodeIgniter->runController(Object(App\Controllers\Tools))
 6 SYSTEMPATH\CodeIgniter.php(340): CodeIgniter\CodeIgniter->handleRequest(null, Object(Config\Cache), false)
 7 FCPATH\index.php(67): CodeIgniter\CodeIgniter->run()
 8 SYSTEMPATH\Commands\Server\rewrite.php(43): require_once('FCPATH\\index.php')
CRITICAL - 2022-11-17 02:46:16 --> Call to a member function getRandomName() on string
in APPPATH\Controllers\Tools.php on line 31.
 1 SYSTEMPATH\CodeIgniter.php(904): App\Controllers\Tools->jpgToPng_convert()
 2 SYSTEMPATH\CodeIgniter.php(457): CodeIgniter\CodeIgniter->runController(Object(App\Controllers\Tools))
 3 SYSTEMPATH\CodeIgniter.php(340): CodeIgniter\CodeIgniter->handleRequest(null, Object(Config\Cache), false)
 4 FCPATH\index.php(67): CodeIgniter\CodeIgniter->run()
 5 SYSTEMPATH\Commands\Server\rewrite.php(43): require_once('FCPATH\\index.php')
CRITICAL - 2022-11-17 02:50:54 --> Call to undefined function App\Controllers\String()
in APPPATH\Controllers\Tools.php on line 30.
 1 SYSTEMPATH\CodeIgniter.php(904): App\Controllers\Tools->jpgToPng_convert()
 2 SYSTEMPATH\CodeIgniter.php(457): CodeIgniter\CodeIgniter->runController(Object(App\Controllers\Tools))
 3 SYSTEMPATH\CodeIgniter.php(340): CodeIgniter\CodeIgniter->handleRequest(null, Object(Config\Cache), false)
 4 FCPATH\index.php(67): CodeIgniter\CodeIgniter->run()
 5 SYSTEMPATH\Commands\Server\rewrite.php(43): require_once('FCPATH\\index.php')
CRITICAL - 2022-11-17 02:51:45 --> Call to undefined function App\Controllers\String()
in APPPATH\Controllers\Tools.php on line 31.
 1 SYSTEMPATH\CodeIgniter.php(904): App\Controllers\Tools->jpgToPng_convert()
 2 SYSTEMPATH\CodeIgniter.php(457): CodeIgniter\CodeIgniter->runController(Object(App\Controllers\Tools))
 3 SYSTEMPATH\CodeIgniter.php(340): CodeIgniter\CodeIgniter->handleRequest(null, Object(Config\Cache), false)
 4 FCPATH\index.php(67): CodeIgniter\CodeIgniter->run()
 5 SYSTEMPATH\Commands\Server\rewrite.php(43): require_once('FCPATH\\index.php')
CRITICAL - 2022-11-17 02:52:09 --> Call to a member function getRandomName() on string
in APPPATH\Controllers\Tools.php on line 31.
 1 SYSTEMPATH\CodeIgniter.php(904): App\Controllers\Tools->jpgToPng_convert()
 2 SYSTEMPATH\CodeIgniter.php(457): CodeIgniter\CodeIgniter->runController(Object(App\Controllers\Tools))
 3 SYSTEMPATH\CodeIgniter.php(340): CodeIgniter\CodeIgniter->handleRequest(null, Object(Config\Cache), false)
 4 FCPATH\index.php(67): CodeIgniter\CodeIgniter->run()
 5 SYSTEMPATH\Commands\Server\rewrite.php(43): require_once('FCPATH\\index.php')
CRITICAL - 2022-11-17 02:52:34 --> Call to a member function getRandomName() on string
in APPPATH\Controllers\Tools.php on line 31.
 1 SYSTEMPATH\CodeIgniter.php(904): App\Controllers\Tools->jpgToPng_convert()
 2 SYSTEMPATH\CodeIgniter.php(457): CodeIgniter\CodeIgniter->runController(Object(App\Controllers\Tools))
 3 SYSTEMPATH\CodeIgniter.php(340): CodeIgniter\CodeIgniter->handleRequest(null, Object(Config\Cache), false)
 4 FCPATH\index.php(67): CodeIgniter\CodeIgniter->run()
 5 SYSTEMPATH\Commands\Server\rewrite.php(43): require_once('FCPATH\\index.php')
CRITICAL - 2022-11-17 02:52:59 --> imagepng(): Argument #1 ($image) must be of type GdImage, CodeIgniter\HTTP\Files\UploadedFile given
in APPPATH\Controllers\Tools.php on line 34.
 1 APPPATH\Controllers\Tools.php(34): imagepng(Object(CodeIgniter\HTTP\Files\UploadedFile), 'img/filettjpgtopng/1668675179_3048d01548dc64577106.jpeg. png')
 2 SYSTEMPATH\CodeIgniter.php(904): App\Controllers\Tools->jpgToPng_convert()
 3 SYSTEMPATH\CodeIgniter.php(457): CodeIgniter\CodeIgniter->runController(Object(App\Controllers\Tools))
 4 SYSTEMPATH\CodeIgniter.php(340): CodeIgniter\CodeIgniter->handleRequest(null, Object(Config\Cache), false)
 5 FCPATH\index.php(67): CodeIgniter\CodeIgniter->run()
 6 SYSTEMPATH\Commands\Server\rewrite.php(43): require_once('FCPATH\\index.php')
